<?xml version="1.0" encoding="UTF-8"?>
<testsuite xmlns:xsi="http://www.w3.org/2001/XMLSchema-instance" xsi:noNamespaceSchemaLocation="https://maven.apache.org/surefire/maven-surefire-plugin/xsd/surefire-test-report-3.0.xsd" version="3.0" name="TestSuite" time="11.715" tests="1" errors="0" skipped="0" failures="0">
  <properties>
[...]
</properties>
  <testcase name="fillVBCEnquiryForm[{duration=1 to 6 months, profession=IT / Software Development, gender=Female, phone=9310980049, city=New Delhi, session=Vedanta: Basics to Classics, name=Jyotsana, state=Delhi, email=jp@yopmail.com, age=45}](1)" classname="TestCases.EnquiryTest" time="5.141">
    <system-out><![CDATA[Vedanta: Basics to Classics
1
Thank you for submitting your enquiry
]]></system-out>
    <system-err><![CDATA[log4j:WARN No appenders could be found for logger (org.testng.TestNG).
log4j:WARN Please initialize the log4j system properly.
log4j:WARN See http://logging.apache.org/log4j/1.2/faq.html#noconfig for more info.
Apr 15, 2024 6:40:21 PM org.openqa.selenium.devtools.CdpVersionFinder findNearestMatch
WARNING: Unable to find an exact match for CDP version 123, returning the closest version; found: 122; Please update to a Selenium version that supports CDP version 123
]]></system-err>
  </testcase>
</testsuite>