<?xml version="1.0" encoding="UTF-8"?>
<testng-results ignored="0" total="1" passed="1" failed="0" skipped="0">
  <reporter-output>
  </reporter-output>
  <suite started-at="2024-04-15T18:40:18 IST" name="Suite" finished-at="2024-04-15T18:40:29 IST" duration-ms="11139">
    <groups>
    </groups>
    <test started-at="2024-04-15T18:40:18 IST" name="Test" finished-at="2024-04-15T18:40:29 IST" duration-ms="11139">
      <class name="TestCases.EnquiryTest">
        <test-method is-config="true" signature="launchApplication()[pri:0, instance:TestCases.EnquiryTest@c730b35]" started-at="2024-04-15T18:40:18 IST" name="launchApplication" finished-at="2024-04-15T18:40:24 IST" duration-ms="5717" status="PASS">
          <reporter-output>
          </reporter-output>
        </test-method> <!-- launchApplication -->
        <test-method signature="fillVBCEnquiryForm(java.util.HashMap)[pri:0, instance:TestCases.EnquiryTest@c730b35]" started-at="2024-04-15T18:40:24 IST" name="fillVBCEnquiryForm" data-provider="getVBCEnquiryFormData" finished-at="2024-04-15T18:40:29 IST" duration-ms="5139" status="PASS">
          <params>
            <param index="0">
              <value>
                <![CDATA[{duration=1 to 6 months, profession=IT / Software Development, gender=Female, phone=9310980049, city=New Delhi, session=Vedanta: Basics to Classics, name=Jyotsana, state=Delhi, email=jp@yopmail.com, age=45}]]>
              </value>
            </param>
          </params>
          <reporter-output>
          </reporter-output>
        </test-method> <!-- fillVBCEnquiryForm -->
      </class> <!-- TestCases.EnquiryTest -->
    </test> <!-- Test -->
  </suite> <!-- Suite -->
</testng-results>
