<?xml version="1.0" encoding="UTF-8"?>
<testng-results ignored="0" total="1" passed="1" failed="0" skipped="0">
  <reporter-output>
  </reporter-output>
  <suite started-at="2024-04-17T17:57:51 IST" name="Default suite" finished-at="2024-04-17T17:58:30 IST" duration-ms="39044">
    <groups>
    </groups>
    <test started-at="2024-04-17T17:57:51 IST" name="Default test" finished-at="2024-04-17T17:58:30 IST" duration-ms="39044">
      <class name="TestCases.DonationTest">
        <test-method is-config="true" signature="launchApplication()[pri:0, instance:TestCases.DonationTest@673fdbce]" started-at="2024-04-17T17:57:51 IST" name="launchApplication" finished-at="2024-04-17T17:57:55 IST" duration-ms="4636" status="PASS">
          <reporter-output>
          </reporter-output>
        </test-method> <!-- launchApplication -->
        <test-method signature="donateForFoundation()[pri:0, instance:TestCases.DonationTest@673fdbce]" started-at="2024-04-17T17:57:55 IST" name="donateForFoundation" finished-at="2024-04-17T17:58:30 IST" duration-ms="34347" status="PASS">
          <reporter-output>
          </reporter-output>
        </test-method> <!-- donateForFoundation -->
      </class> <!-- TestCases.DonationTest -->
    </test> <!-- Default test -->
  </suite> <!-- Default suite -->
</testng-results>
